2021-01-22 17:31:03.471 -08:00 [INF] Now listening on: https://localhost:5001
2021-01-22 17:31:03.571 -08:00 [INF] Now listening on: http://localhost:5000
2021-01-22 17:31:03.573 -08:00 [INF] Application started. Press Ctrl+C to shut down.
2021-01-22 17:31:03.574 -08:00 [INF] Hosting environment: Development
2021-01-22 17:31:03.575 -08:00 [INF] Content root path: D:\Projects\KoreInterview\KI.API
2021-01-22 17:34:59.878 -08:00 [INF] Now listening on: https://localhost:5001
2021-01-22 17:34:59.960 -08:00 [INF] Now listening on: http://localhost:5000
2021-01-22 17:34:59.962 -08:00 [INF] Application started. Press Ctrl+C to shut down.
2021-01-22 17:34:59.964 -08:00 [INF] Hosting environment: Development
2021-01-22 17:34:59.968 -08:00 [INF] Content root path: D:\Projects\KoreInterview\KI.API
2021-01-22 17:36:26.249 -08:00 [FTL] Unable to start Kestrel.
System.IO.IOException: Failed to bind to address https://127.0.0.1:5001: address already in use.
 ---> Microsoft.AspNetCore.Connections.AddressInUseException: Only one usage of each socket address (protocol/network address/port) is normally permitted.
 ---> System.Net.Sockets.SocketException (10048): Only one usage of each socket address (protocol/network address/port) is normally permitted.
   at System.Net.Sockets.Socket.UpdateStatusAfterSocketErrorAndThrowException(SocketError error, String callerName)
   at System.Net.Sockets.Socket.DoBind(EndPoint endPointSnapshot, SocketAddress socketAddress)
   at System.Net.Sockets.Socket.Bind(EndPoint localEP)
   at Microsoft.AspNetCore.Server.Kestrel.Transport.Sockets.SocketConnectionListener.<Bind>g__BindSocket|13_0(<>c__DisplayClass13_0& )
   --- End of inner exception stack trace ---
   at Microsoft.AspNetCore.Server.Kestrel.Transport.Sockets.SocketConnectionListener.<Bind>g__BindSocket|13_0(<>c__DisplayClass13_0& )
   at Microsoft.AspNetCore.Server.Kestrel.Transport.Sockets.SocketConnectionListener.Bind()
   at Microsoft.AspNetCore.Server.Kestrel.Transport.Sockets.SocketTransportFactory.BindAsync(EndPoint endpoint, CancellationToken cancellationToken)
   at Microsoft.AspNetCore.Server.Kestrel.Core.Internal.Infrastructure.TransportManager.BindAsync(EndPoint endPoint, ConnectionDelegate connectionDelegate, EndpointConfig endpointConfig)
   at Microsoft.AspNetCore.Server.Kestrel.Core.KestrelServerImpl.<>c__DisplayClass29_0`1.<<StartAsync>g__OnBind|0>d.MoveNext()
--- End of stack trace from previous location ---
   at Microsoft.AspNetCore.Server.Kestrel.Core.Internal.AddressBinder.BindEndpointAsync(ListenOptions endpoint, AddressBindContext context)
   --- End of inner exception stack trace ---
   at Microsoft.AspNetCore.Server.Kestrel.Core.Internal.AddressBinder.BindEndpointAsync(ListenOptions endpoint, AddressBindContext context)
   at Microsoft.AspNetCore.Server.Kestrel.Core.LocalhostListenOptions.BindAsync(AddressBindContext context)
   at Microsoft.AspNetCore.Server.Kestrel.Core.Internal.AddressBinder.AddressesStrategy.BindAsync(AddressBindContext context)
   at Microsoft.AspNetCore.Server.Kestrel.Core.Internal.AddressBinder.BindAsync(IEnumerable`1 listenOptions, AddressBindContext context)
   at Microsoft.AspNetCore.Server.Kestrel.Core.KestrelServerImpl.BindAsync(CancellationToken cancellationToken)
   at Microsoft.AspNetCore.Server.Kestrel.Core.KestrelServerImpl.StartAsync[TContext](IHttpApplication`1 application, CancellationToken cancellationToken)
2021-01-22 17:36:39.192 -08:00 [INF] Now listening on: https://localhost:5001
2021-01-22 17:36:39.289 -08:00 [INF] Now listening on: http://localhost:5000
2021-01-22 17:36:39.291 -08:00 [INF] Application started. Press Ctrl+C to shut down.
2021-01-22 17:36:39.292 -08:00 [INF] Hosting environment: Development
2021-01-22 17:36:39.293 -08:00 [INF] Content root path: D:\Projects\KoreInterview\KI.API
